[0.044s] Invoking command in '/home/devuser/AOX/ROS2/src/lcm/build/lcm': CMAKE_PREFIX_PATH=/opt/ros/humble /usr/bin/cmake /home/devuser/AOX/ROS2/src/lcm -DCMAKE_INSTALL_PREFIX=/home/devuser/AOX/ROS2/src/lcm/install/lcm
[1.053s] -- The C compiler identification is GNU 11.4.0
[1.434s] -- The CXX compiler identification is GNU 11.4.0
[1.483s] -- Detecting C compiler ABI info
[1.923s] -- Detecting C compiler ABI info - done
[1.928s] -- Check for working C compiler: /usr/bin/cc - skipped
[1.928s] -- Detecting C compile features
[1.981s] -- Detecting C compile features - done
[1.988s] -- Detecting CXX compiler ABI info
[2.094s] -- Detecting CXX compiler ABI info - done
[2.099s] -- Check for working CXX compiler: /usr/bin/c++ - skipped
[2.100s] -- Detecting CXX compile features
[2.100s] -- Detecting CXX compile features - done
[2.234s] -- Found ament_cmake: 1.3.5 (/opt/ros/humble/share/ament_cmake/cmake)
[2.537s] -- Found Python3: /usr/bin/python3.10 (found version "3.10.12") found components: Interpreter 
[2.806s] -- Found ament_lint_auto: 0.12.7 (/opt/ros/humble/share/ament_lint_auto/cmake)
[2.965s] -- Added test 'cppcheck' to perform static code analysis on C / C++ code
[2.965s] -- Configured cppcheck include dirs: 
[2.965s] -- Configured cppcheck exclude dirs and/or files: 
[2.967s] -- Added test 'lint_cmake' to check CMake code style
[2.970s] -- Added test 'uncrustify' to check C / C++ code style
[2.970s] -- Configured uncrustify additional arguments: 
[2.971s] -- Added test 'xmllint' to check XML markup files
[2.972s] -- Configuring done
[2.974s] -- Generating done
[2.975s] -- Build files have been written to: /home/devuser/AOX/ROS2/src/lcm/build/lcm
[2.978s] Invoked command in '/home/devuser/AOX/ROS2/src/lcm/build/lcm' returned '0': CMAKE_PREFIX_PATH=/opt/ros/humble /usr/bin/cmake /home/devuser/AOX/ROS2/src/lcm -DCMAKE_INSTALL_PREFIX=/home/devuser/AOX/ROS2/src/lcm/install/lcm
[2.979s] Invoking command in '/home/devuser/AOX/ROS2/src/lcm/build/lcm': CMAKE_PREFIX_PATH=/opt/ros/humble /usr/bin/cmake --build /home/devuser/AOX/ROS2/src/lcm/build/lcm -- -j8 -l8
[3.005s] Invoked command in '/home/devuser/AOX/ROS2/src/lcm/build/lcm' returned '0': CMAKE_PREFIX_PATH=/opt/ros/humble /usr/bin/cmake --build /home/devuser/AOX/ROS2/src/lcm/build/lcm -- -j8 -l8
[3.027s] Invoking command in '/home/devuser/AOX/ROS2/src/lcm/build/lcm': CMAKE_PREFIX_PATH=/opt/ros/humble /usr/bin/cmake --install /home/devuser/AOX/ROS2/src/lcm/build/lcm
[3.033s] -- Install configuration: ""
[3.033s] -- Installing: /home/devuser/AOX/ROS2/src/lcm/install/lcm/share/ament_index/resource_index/package_run_dependencies/lcm
[3.033s] -- Installing: /home/devuser/AOX/ROS2/src/lcm/install/lcm/share/ament_index/resource_index/parent_prefix_path/lcm
[3.033s] -- Installing: /home/devuser/AOX/ROS2/src/lcm/install/lcm/share/lcm/environment/ament_prefix_path.sh
[3.033s] -- Installing: /home/devuser/AOX/ROS2/src/lcm/install/lcm/share/lcm/environment/ament_prefix_path.dsv
[3.033s] -- Installing: /home/devuser/AOX/ROS2/src/lcm/install/lcm/share/lcm/environment/path.sh
[3.033s] -- Installing: /home/devuser/AOX/ROS2/src/lcm/install/lcm/share/lcm/environment/path.dsv
[3.033s] -- Installing: /home/devuser/AOX/ROS2/src/lcm/install/lcm/share/lcm/local_setup.bash
[3.033s] -- Installing: /home/devuser/AOX/ROS2/src/lcm/install/lcm/share/lcm/local_setup.sh
[3.033s] -- Installing: /home/devuser/AOX/ROS2/src/lcm/install/lcm/share/lcm/local_setup.zsh
[3.034s] -- Installing: /home/devuser/AOX/ROS2/src/lcm/install/lcm/share/lcm/local_setup.dsv
[3.034s] -- Installing: /home/devuser/AOX/ROS2/src/lcm/install/lcm/share/lcm/package.dsv
[3.034s] -- Installing: /home/devuser/AOX/ROS2/src/lcm/install/lcm/share/ament_index/resource_index/packages/lcm
[3.034s] -- Installing: /home/devuser/AOX/ROS2/src/lcm/install/lcm/share/lcm/cmake/lcmConfig.cmake
[3.034s] -- Installing: /home/devuser/AOX/ROS2/src/lcm/install/lcm/share/lcm/cmake/lcmConfig-version.cmake
[3.034s] -- Installing: /home/devuser/AOX/ROS2/src/lcm/install/lcm/share/lcm/package.xml
[3.036s] Invoked command in '/home/devuser/AOX/ROS2/src/lcm/build/lcm' returned '0': CMAKE_PREFIX_PATH=/opt/ros/humble /usr/bin/cmake --install /home/devuser/AOX/ROS2/src/lcm/build/lcm
